This is XeTeX, Version 3.14159265-2.6-0.999991 (TeX Live 2019) (preloaded format=xelatex 2019.7.25)  3 SEP 2019 19:20
entering extended mode
 restricted \write18 enabled.
 %&-line parsing enabled.
**Statistics_using_technology.tex
(./Statistics_using_technology.tex
LaTeX2e <2018-12-01>
(/Users/kathrynkozak/Library/TinyTeX/texmf-dist/tex/latex/base/book.cls
Document Class: book 2018/09/03 v1.4i Standard LaTeX document class
(/Users/kathrynkozak/Library/TinyTeX/texmf-dist/tex/latex/base/bk10.clo
File: bk10.clo 2018/09/03 v1.4i Standard LaTeX file (size option)
)
\c@part=\count80
\c@chapter=\count81
\c@section=\count82
\c@subsection=\count83
\c@subsubsection=\count84
\c@paragraph=\count85
\c@subparagraph=\count86
\c@figure=\count87
\c@table=\count88
\abovecaptionskip=\skip41
\belowcaptionskip=\skip42
\bibindent=\dimen102
) (/Users/kathrynkozak/Library/TinyTeX/texmf-dist/tex/latex/lm/lmodern.sty
Package: lmodern 2009/10/30 v1.6 Latin Modern Fonts
LaTeX Font Info:    Overwriting symbol font `operators' in version `normal'
(Font)                  OT1/cmr/m/n --> OT1/lmr/m/n on input line 22.
LaTeX Font Info:    Overwriting symbol font `letters' in version `normal'
(Font)                  OML/cmm/m/it --> OML/lmm/m/it on input line 23.
LaTeX Font Info:    Overwriting symbol font `symbols' in version `normal'
(Font)                  OMS/cmsy/m/n --> OMS/lmsy/m/n on input line 24.
LaTeX Font Info:    Overwriting symbol font `largesymbols' in version `normal'
(Font)                  OMX/cmex/m/n --> OMX/lmex/m/n on input line 25.
LaTeX Font Info:    Overwriting symbol font `operators' in version `bold'
(Font)                  OT1/cmr/bx/n --> OT1/lmr/bx/n on input line 26.
LaTeX Font Info:    Overwriting symbol font `letters' in version `bold'
(Font)                  OML/cmm/b/it --> OML/lmm/b/it on input line 27.
LaTeX Font Info:    Overwriting symbol font `symbols' in version `bold'
(Font)                  OMS/cmsy/b/n --> OMS/lmsy/b/n on input line 28.
LaTeX Font Info:    Overwriting symbol font `largesymbols' in version `bold'
(Font)                  OMX/cmex/m/n --> OMX/lmex/m/n on input line 29.
LaTeX Font Info:    Overwriting math alphabet `\mathbf' in version `normal'
(Font)                  OT1/cmr/bx/n --> OT1/lmr/bx/n on input line 31.
LaTeX Font Info:    Overwriting math alphabet `\mathsf' in version `normal'
(Font)                  OT1/cmss/m/n --> OT1/lmss/m/n on input line 32.
LaTeX Font Info:    Overwriting math alphabet `\mathit' in version `normal'
(Font)                  OT1/cmr/m/it --> OT1/lmr/m/it on input line 33.
LaTeX Font Info:    Overwriting math alphabet `\mathtt' in version `normal'
(Font)                  OT1/cmtt/m/n --> OT1/lmtt/m/n on input line 34.
LaTeX Font Info:    Overwriting math alphabet `\mathbf' in version `bold'
(Font)                  OT1/cmr/bx/n --> OT1/lmr/bx/n on input line 35.
LaTeX Font Info:    Overwriting math alphabet `\mathsf' in version `bold'
(Font)                  OT1/cmss/bx/n --> OT1/lmss/bx/n on input line 36.
LaTeX Font Info:    Overwriting math alphabet `\mathit' in version `bold'
(Font)                  OT1/cmr/bx/it --> OT1/lmr/bx/it on input line 37.
LaTeX Font Info:    Overwriting math alphabet `\mathtt' in version `bold'
(Font)                  OT1/cmtt/m/n --> OT1/lmtt/m/n on input line 38.
) (/Users/kathrynkozak/Library/TinyTeX/texmf-dist/tex/latex/amsfonts/amssymb.st
y
Package: amssymb 2013/01/14 v3.01 AMS font symbols

(/Users/kathrynkozak/Library/TinyTeX/texmf-dist/tex/latex/amsfonts/amsfonts.sty
Package: amsfonts 2013/01/14 v3.01 Basic AMSFonts support
\@emptytoks=\toks14
\symAMSa=\mathgroup4
\symAMSb=\mathgroup5
LaTeX Font Info:    Overwriting math alphabet `\mathfrak' in version `bold'
(Font)                  U/euf/m/n --> U/euf/b/n on input line 106.
)) (/Users/kathrynkozak/Library/TinyTeX/texmf-dist/tex/latex/amsmath/amsmath.st
y
Package: amsmath 2018/12/01 v2.17b AMS math features
\@mathmargin=\skip43
For additional information on amsmath, use the `?' option.
(/Users/kathrynkozak/Library/TinyTeX/texmf-dist/tex/latex/amsmath/amstext.sty
Package: amstext 2000/06/29 v2.01 AMS text
(/Users/kathrynkozak/Library/TinyTeX/texmf-dist/tex/latex/amsmath/amsgen.sty
File: amsgen.sty 1999/11/30 v2.0 generic functions
\@emptytoks=\toks15
\ex@=\dimen103
)) (/Users/kathrynkozak/Library/TinyTeX/texmf-dist/tex/latex/amsmath/amsbsy.sty
Package: amsbsy 1999/11/29 v1.2d Bold Symbols
\pmbraise@=\dimen104
) (/Users/kathrynkozak/Library/TinyTeX/texmf-dist/tex/latex/amsmath/amsopn.sty
Package: amsopn 2016/03/08 v2.02 operator names
)
\inf@bad=\count89
LaTeX Info: Redefining \frac on input line 223.
\uproot@=\count90
\leftroot@=\count91
LaTeX Info: Redefining \overline on input line 385.
\classnum@=\count92
\DOTSCASE@=\count93
LaTeX Info: Redefining \ldots on input line 482.
LaTeX Info: Redefining \dots on input line 485.
LaTeX Info: Redefining \cdots on input line 606.
\Mathstrutbox@=\box27
\strutbox@=\box28
\big@size=\dimen105
LaTeX Font Info:    Redeclaring font encoding OML on input line 729.
LaTeX Font Info:    Redeclaring font encoding OMS on input line 730.
\macc@depth=\count94
\c@MaxMatrixCols=\count95
\dotsspace@=\muskip10
\c@parentequation=\count96
\dspbrk@lvl=\count97
\tag@help=\toks16
\row@=\count98
\column@=\count99
\maxfields@=\count100
\andhelp@=\toks17
\eqnshift@=\dimen106
\alignsep@=\dimen107
\tagshift@=\dimen108
\tagwidth@=\dimen109
\totwidth@=\dimen110
\lineht@=\dimen111
\@envbody=\toks18
\multlinegap=\skip44
\multlinetaggap=\skip45
\mathdisplay@stack=\toks19
LaTeX Info: Redefining \[ on input line 2844.
LaTeX Info: Redefining \] on input line 2845.
)
(/Users/kathrynkozak/Library/TinyTeX/texmf-dist/tex/generic/ifxetex/ifxetex.sty
Package: ifxetex 2010/09/12 v0.6 Provides ifxetex conditional
)
(/Users/kathrynkozak/Library/TinyTeX/texmf-dist/tex/generic/oberdiek/ifluatex.s
ty
Package: ifluatex 2016/05/16 v1.4 Provides the ifluatex switch (HO)
Package ifluatex Info: LuaTeX not detected.
) (/Users/kathrynkozak/Library/TinyTeX/texmf-dist/tex/latex/base/fixltx2e.sty
Package: fixltx2e 2016/12/29 v2.1a fixes to LaTeX (obsolete)
Applying: [2015/01/01] Old fixltx2e package on input line 46.

Package fixltx2e Warning: fixltx2e is not required with releases after 2015
(fixltx2e)                All fixes are now in the LaTeX kernel.
(fixltx2e)                See the latexrelease package for details.

Already applied: [0000/00/00] Old fixltx2e package on input line 53.
)
(/Users/kathrynkozak/Library/TinyTeX/texmf-dist/tex/xelatex/mathspec/mathspec.s
ty
Package: mathspec 2016/12/22 v0.2b LaTeX Package (Mathematics font selection fo
r XeLaTeX)

(/Users/kathrynkozak/Library/TinyTeX/texmf-dist/tex/latex/etoolbox/etoolbox.sty
Package: etoolbox 2018/08/19 v2.5f e-TeX tools for LaTeX (JAW)
\etb@tempcnta=\count101
)
(/Users/kathrynkozak/Library/TinyTeX/texmf-dist/tex/latex/fontspec/fontspec.sty

(/Users/kathrynkozak/Library/TinyTeX/texmf-dist/tex/latex/l3packages/xparse/xpa
rse.sty (/Users/kathrynkozak/Library/TinyTeX/texmf-dist/tex/latex/l3kernel/expl
3.sty
Package: expl3 2019-07-01 L3 programming layer (loader) 

(/Users/kathrynkozak/Library/TinyTeX/texmf-dist/tex/latex/l3kernel/expl3-code.t
ex
Package: expl3 2019-07-01 L3 programming layer (code)
\c_max_int=\count102
\l_tmpa_int=\count103
\l_tmpb_int=\count104
\g_tmpa_int=\count105
\g_tmpb_int=\count106
\g__kernel_prg_map_int=\count107
\c__ior_term_ior=\count108
\c_log_iow=\count109
\l_iow_line_count_int=\count110
\l__iow_line_target_int=\count111
\l__iow_one_indent_int=\count112
\l__iow_indent_int=\count113
\c_zero_dim=\dimen112
\c_max_dim=\dimen113
\l_tmpa_dim=\dimen114
\l_tmpb_dim=\dimen115
\g_tmpa_dim=\dimen116
\g_tmpb_dim=\dimen117
\c_zero_skip=\skip46
\c_max_skip=\skip47
\l_tmpa_skip=\skip48
\l_tmpb_skip=\skip49
\g_tmpa_skip=\skip50
\g_tmpb_skip=\skip51
\c_zero_muskip=\muskip11
\c_max_muskip=\muskip12
\l_tmpa_muskip=\muskip13
\l_tmpb_muskip=\muskip14
\g_tmpa_muskip=\muskip15
\g_tmpb_muskip=\muskip16
\l_keys_choice_int=\count114
\l__intarray_loop_int=\count115
\c__intarray_sp_dim=\dimen118
\g__intarray_font_int=\count116
\c__fp_leading_shift_int=\count117
\c__fp_middle_shift_int=\count118
\c__fp_trailing_shift_int=\count119
\c__fp_big_leading_shift_int=\count120
\c__fp_big_middle_shift_int=\count121
\c__fp_big_trailing_shift_int=\count122
\c__fp_Bigg_leading_shift_int=\count123
\c__fp_Bigg_middle_shift_int=\count124
\c__fp_Bigg_trailing_shift_int=\count125
\g__fp_array_int=\count126
\l__fp_array_loop_int=\count127
\l__sort_length_int=\count128
\l__sort_min_int=\count129
\l__sort_top_int=\count130
\l__sort_max_int=\count131
\l__sort_true_max_int=\count132
\l__sort_block_int=\count133
\l__sort_begin_int=\count134
\l__sort_end_int=\count135
\l__sort_A_int=\count136
\l__sort_B_int=\count137
\l__sort_C_int=\count138
\l__str_internal_int=\count139
\l__tl_analysis_normal_int=\count140
\l__tl_analysis_index_int=\count141
\l__tl_analysis_nesting_int=\count142
\l__tl_analysis_type_int=\count143
\l__regex_internal_a_int=\count144
\l__regex_internal_b_int=\count145
\l__regex_internal_c_int=\count146
\l__regex_balance_int=\count147
\l__regex_group_level_int=\count148
\l__regex_mode_int=\count149
\c__regex_cs_in_class_mode_int=\count150
\c__regex_cs_mode_int=\count151
\l__regex_catcodes_int=\count152
\l__regex_default_catcodes_int=\count153
\c__regex_catcode_L_int=\count154
\c__regex_catcode_O_int=\count155
\c__regex_catcode_A_int=\count156
\c__regex_all_catcodes_int=\count157
\l__regex_show_lines_int=\count158
\l__regex_min_state_int=\count159
\l__regex_max_state_int=\count160
\l__regex_left_state_int=\count161
\l__regex_right_state_int=\count162
\l__regex_capturing_group_int=\count163
\l__regex_min_pos_int=\count164
\l__regex_max_pos_int=\count165
\l__regex_curr_pos_int=\count166
\l__regex_start_pos_int=\count167
\l__regex_success_pos_int=\count168
\l__regex_curr_char_int=\count169
\l__regex_curr_catcode_int=\count170
\l__regex_last_char_int=\count171
\l__regex_case_changed_char_int=\count172
\l__regex_curr_state_int=\count173
\l__regex_step_int=\count174
\l__regex_min_active_int=\count175
\l__regex_max_active_int=\count176
\l__regex_replacement_csnames_int=\count177
\l__regex_match_count_int=\count178
\l__regex_min_submatch_int=\count179
\l__regex_submatch_int=\count180
\l__regex_zeroth_submatch_int=\count181
\g__regex_trace_regex_int=\count182
\c_empty_box=\box29
\l_tmpa_box=\box30
\l_tmpb_box=\box31
\g_tmpa_box=\box32
\g_tmpb_box=\box33
\l__box_top_dim=\dimen119
\l__box_bottom_dim=\dimen120
\l__box_left_dim=\dimen121
\l__box_right_dim=\dimen122
\l__box_top_new_dim=\dimen123
\l__box_bottom_new_dim=\dimen124
\l__box_left_new_dim=\dimen125
\l__box_right_new_dim=\dimen126
\l__box_internal_box=\box34
\l__coffin_internal_box=\box35
\l__coffin_internal_dim=\dimen127
\l__coffin_offset_x_dim=\dimen128
\l__coffin_offset_y_dim=\dimen129
\l__coffin_x_dim=\dimen130
\l__coffin_y_dim=\dimen131
\l__coffin_x_prime_dim=\dimen132
\l__coffin_y_prime_dim=\dimen133
\c_empty_coffin=\box36
\l__coffin_aligned_coffin=\box37
\l__coffin_aligned_internal_coffin=\box38
\l_tmpa_coffin=\box39
\l_tmpb_coffin=\box40
\g_tmpa_coffin=\box41
\g_tmpb_coffin=\box42
\l__coffin_bounding_shift_dim=\dimen134
\l__coffin_left_corner_dim=\dimen135
\l__coffin_right_corner_dim=\dimen136
\l__coffin_bottom_corner_dim=\dimen137
\l__coffin_top_corner_dim=\dimen138
\l__coffin_scaled_total_height_dim=\dimen139
\l__coffin_scaled_width_dim=\dimen140
\c__coffin_empty_coffin=\box43
\l__coffin_display_coffin=\box44
\l__coffin_display_coord_coffin=\box45
\l__coffin_display_pole_coffin=\box46
\l__coffin_display_offset_dim=\dimen141
\l__coffin_display_x_dim=\dimen142
\l__coffin_display_y_dim=\dimen143
\g__file_internal_ior=\read1
\l__seq_internal_a_int=\count183
\l__seq_internal_b_int=\count184
\c__deprecation_minus_one=\count185
)
(/Users/kathrynkozak/Library/TinyTeX/texmf-dist/tex/latex/l3backend/l3backend-x
dvipdfmx.def
File: l3backend-xdvipdfmx.def 2019-04-06 v L3 Experimental backend support: xdv
ipdfmx
\g__graphics_track_int=\count186
\l__pdf_internal_box=\box47
\g__pdf_backend_object_int=\count187
\g__pdf_backend_annotation_int=\count188
))
Package: xparse 2019-05-28 L3 Experimental document command parser
\l__xparse_current_arg_int=\count189
\g__xparse_grabber_int=\count190
\l__xparse_m_args_int=\count191
\l__xparse_v_nesting_int=\count192
)
Package: fontspec 2019/03/15 v2.7c Font selection for XeLaTeX and LuaLaTeX

(/Users/kathrynkozak/Library/TinyTeX/texmf-dist/tex/latex/fontspec/fontspec-xet
ex.sty
Package: fontspec-xetex 2019/03/15 v2.7c Font selection for XeLaTeX and LuaLaTe
X
\l__fontspec_script_int=\count193
\l__fontspec_language_int=\count194
\l__fontspec_strnum_int=\count195
\l__fontspec_tmp_int=\count196
\l__fontspec_tmpa_int=\count197
\l__fontspec_tmpb_int=\count198
\l__fontspec_tmpc_int=\count199
\l__fontspec_em_int=\count266
\l__fontspec_emdef_int=\count267
\l__fontspec_strong_int=\count268
\l__fontspec_strongdef_int=\count269
\l__fontspec_tmpa_dim=\dimen144
\l__fontspec_tmpb_dim=\dimen145
\l__fontspec_tmpc_dim=\dimen146
(/Users/kathrynkozak/Library/TinyTeX/texmf-dist/tex/latex/base/fontenc.sty
Package: fontenc 2018/08/11 v2.0j Standard LaTeX package
(/Users/kathrynkozak/Library/TinyTeX/texmf-dist/tex/latex/base/tuenc.def
File: tuenc.def 2018/08/11 v2.0j Standard LaTeX file
LaTeX Font Info:    Redeclaring font encoding TU on input line 82.
))
(/Users/kathrynkozak/Library/TinyTeX/texmf-dist/tex/latex/fontspec/fontspec.cfg
)
LaTeX Info: Redefining \itshape on input line 4051.
LaTeX Info: Redefining \slshape on input line 4056.
LaTeX Info: Redefining \scshape on input line 4061.
LaTeX Info: Redefining \upshape on input line 4066.
LaTeX Info: Redefining \em on input line 4096.
LaTeX Info: Redefining \emph on input line 4121.
)) (/Users/kathrynkozak/Library/TinyTeX/texmf-dist/tex/latex/xkeyval/xkeyval.st
y
Package: xkeyval 2014/12/03 v2.7a package option processing (HA)

(/Users/kathrynkozak/Library/TinyTeX/texmf-dist/tex/generic/xkeyval/xkeyval.tex

(/Users/kathrynkozak/Library/TinyTeX/texmf-dist/tex/generic/xkeyval/xkvutils.te
x
\XKV@toks=\toks20
\XKV@tempa@toks=\toks21
(/Users/kathrynkozak/Library/TinyTeX/texmf-dist/tex/generic/xkeyval/keyval.tex)
)
\XKV@depth=\count270
File: xkeyval.tex 2014/12/03 v2.7a key=value parser (HA)
))
\c@eu@=\count271
\c@eu@i=\count272
\c@mkern=\count273
) (/Users/kathrynkozak/Library/TinyTeX/texmf-dist/tex/latex/upquote/upquote.sty
Package: upquote 2012/04/19 v1.3 upright-quote and grave-accent glyphs in verba
tim
(/Users/kathrynkozak/Library/TinyTeX/texmf-dist/tex/latex/base/textcomp.sty
Package: textcomp 2018/08/11 v2.0j Standard LaTeX package
Package textcomp Info: Sub-encoding information:
(textcomp)               5 = only ISO-Adobe without \textcurrency
(textcomp)               4 = 5 + \texteuro
(textcomp)               3 = 4 + \textohm
(textcomp)               2 = 3 + \textestimated + \textcurrency
(textcomp)               1 = TS1 - \textcircled - \t
(textcomp)               0 = TS1 (full)
(textcomp)             Font families with sub-encoding setting implement
(textcomp)             only a restricted character set as indicated.
(textcomp)             Family '?' is the default used for unknown fonts.
(textcomp)             See the documentation for details.
Package textcomp Info: Setting ? sub-encoding to TS1/1 on input line 79.
(/Users/kathrynkozak/Library/TinyTeX/texmf-dist/tex/latex/base/ts1enc.def
File: ts1enc.def 2001/06/05 v3.0e (jk/car/fm) Standard LaTeX file
)
LaTeX Info: Redefining \oldstylenums on input line 334.
Package textcomp Info: Setting cmr sub-encoding to TS1/0 on input line 349.
Package textcomp Info: Setting cmss sub-encoding to TS1/0 on input line 350.
Package textcomp Info: Setting cmtt sub-encoding to TS1/0 on input line 351.
Package textcomp Info: Setting cmvtt sub-encoding to TS1/0 on input line 352.
Package textcomp Info: Setting cmbr sub-encoding to TS1/0 on input line 353.
Package textcomp Info: Setting cmtl sub-encoding to TS1/0 on input line 354.
Package textcomp Info: Setting ccr sub-encoding to TS1/0 on input line 355.
Package textcomp Info: Setting ptm sub-encoding to TS1/4 on input line 356.
Package textcomp Info: Setting pcr sub-encoding to TS1/4 on input line 357.
Package textcomp Info: Setting phv sub-encoding to TS1/4 on input line 358.
Package textcomp Info: Setting ppl sub-encoding to TS1/3 on input line 359.
Package textcomp Info: Setting pag sub-encoding to TS1/4 on input line 360.
Package textcomp Info: Setting pbk sub-encoding to TS1/4 on input line 361.
Package textcomp Info: Setting pnc sub-encoding to TS1/4 on input line 362.
Package textcomp Info: Setting pzc sub-encoding to TS1/4 on input line 363.
Package textcomp Info: Setting bch sub-encoding to TS1/4 on input line 364.
Package textcomp Info: Setting put sub-encoding to TS1/5 on input line 365.
Package textcomp Info: Setting uag sub-encoding to TS1/5 on input line 366.
Package textcomp Info: Setting ugq sub-encoding to TS1/5 on input line 367.
Package textcomp Info: Setting ul8 sub-encoding to TS1/4 on input line 368.
Package textcomp Info: Setting ul9 sub-encoding to TS1/4 on input line 369.
Package textcomp Info: Setting augie sub-encoding to TS1/5 on input line 370.
Package textcomp Info: Setting dayrom sub-encoding to TS1/3 on input line 371.
Package textcomp Info: Setting dayroms sub-encoding to TS1/3 on input line 372.

Package textcomp Info: Setting pxr sub-encoding to TS1/0 on input line 373.
Package textcomp Info: Setting pxss sub-encoding to TS1/0 on input line 374.
Package textcomp Info: Setting pxtt sub-encoding to TS1/0 on input line 375.
Package textcomp Info: Setting txr sub-encoding to TS1/0 on input line 376.
Package textcomp Info: Setting txss sub-encoding to TS1/0 on input line 377.
Package textcomp Info: Setting txtt sub-encoding to TS1/0 on input line 378.
Package textcomp Info: Setting lmr sub-encoding to TS1/0 on input line 379.
Package textcomp Info: Setting lmdh sub-encoding to TS1/0 on input line 380.
Package textcomp Info: Setting lmss sub-encoding to TS1/0 on input line 381.
Package textcomp Info: Setting lmssq sub-encoding to TS1/0 on input line 382.
Package textcomp Info: Setting lmvtt sub-encoding to TS1/0 on input line 383.
Package textcomp Info: Setting lmtt sub-encoding to TS1/0 on input line 384.
Package textcomp Info: Setting qhv sub-encoding to TS1/0 on input line 385.
Package textcomp Info: Setting qag sub-encoding to TS1/0 on input line 386.
Package textcomp Info: Setting qbk sub-encoding to TS1/0 on input line 387.
Package textcomp Info: Setting qcr sub-encoding to TS1/0 on input line 388.
Package textcomp Info: Setting qcs sub-encoding to TS1/0 on input line 389.
Package textcomp Info: Setting qpl sub-encoding to TS1/0 on input line 390.
Package textcomp Info: Setting qtm sub-encoding to TS1/0 on input line 391.
Package textcomp Info: Setting qzc sub-encoding to TS1/0 on input line 392.
Package textcomp Info: Setting qhvc sub-encoding to TS1/0 on input line 393.
Package textcomp Info: Setting futs sub-encoding to TS1/4 on input line 394.
Package textcomp Info: Setting futx sub-encoding to TS1/4 on input line 395.
Package textcomp Info: Setting futj sub-encoding to TS1/4 on input line 396.
Package textcomp Info: Setting hlh sub-encoding to TS1/3 on input line 397.
Package textcomp Info: Setting hls sub-encoding to TS1/3 on input line 398.
Package textcomp Info: Setting hlst sub-encoding to TS1/3 on input line 399.
Package textcomp Info: Setting hlct sub-encoding to TS1/5 on input line 400.
Package textcomp Info: Setting hlx sub-encoding to TS1/5 on input line 401.
Package textcomp Info: Setting hlce sub-encoding to TS1/5 on input line 402.
Package textcomp Info: Setting hlcn sub-encoding to TS1/5 on input line 403.
Package textcomp Info: Setting hlcw sub-encoding to TS1/5 on input line 404.
Package textcomp Info: Setting hlcf sub-encoding to TS1/5 on input line 405.
Package textcomp Info: Setting pplx sub-encoding to TS1/3 on input line 406.
Package textcomp Info: Setting pplj sub-encoding to TS1/3 on input line 407.
Package textcomp Info: Setting ptmx sub-encoding to TS1/4 on input line 408.
Package textcomp Info: Setting ptmj sub-encoding to TS1/4 on input line 409.
))
(/Users/kathrynkozak/Library/TinyTeX/texmf-dist/tex/latex/geometry/geometry.sty
Package: geometry 2018/04/16 v5.8 Page Geometry
(/Users/kathrynkozak/Library/TinyTeX/texmf-dist/tex/generic/oberdiek/ifpdf.sty
Package: ifpdf 2018/09/07 v3.3 Provides the ifpdf switch
)
(/Users/kathrynkozak/Library/TinyTeX/texmf-dist/tex/generic/oberdiek/ifvtex.sty
Package: ifvtex 2016/05/16 v1.6 Detect VTeX and its facilities (HO)
Package ifvtex Info: VTeX not detected.
)
\Gm@cnth=\count274
\Gm@cntv=\count275
\c@Gm@tempcnt=\count276
\Gm@bindingoffset=\dimen147
\Gm@wd@mp=\dimen148
\Gm@odd@mp=\dimen149
\Gm@even@mp=\dimen150
\Gm@layoutwidth=\dimen151
\Gm@layoutheight=\dimen152
\Gm@layouthoffset=\dimen153
\Gm@layoutvoffset=\dimen154
\Gm@dimlist=\toks22
)
(/Users/kathrynkozak/Library/TinyTeX/texmf-dist/tex/latex/hyperref/hyperref.sty
Package: hyperref 2018/11/30 v6.88e Hypertext links for LaTeX

(/Users/kathrynkozak/Library/TinyTeX/texmf-dist/tex/generic/oberdiek/hobsub-hyp
erref.sty
Package: hobsub-hyperref 2016/05/16 v1.14 Bundle oberdiek, subset hyperref (HO)


(/Users/kathrynkozak/Library/TinyTeX/texmf-dist/tex/generic/oberdiek/hobsub-gen
eric.sty
Package: hobsub-generic 2016/05/16 v1.14 Bundle oberdiek, subset generic (HO)
Package: hobsub 2016/05/16 v1.14 Construct package bundles (HO)
Package: infwarerr 2016/05/16 v1.4 Providing info/warning/error messages (HO)
Package: ltxcmds 2016/05/16 v1.23 LaTeX kernel commands for general use (HO)
Package hobsub Info: Skipping package `ifluatex' (already loaded).
Package hobsub Info: Skipping package `ifvtex' (already loaded).
Package: intcalc 2016/05/16 v1.2 Expandable calculations with integers (HO)
Package hobsub Info: Skipping package `ifpdf' (already loaded).
Package: etexcmds 2016/05/16 v1.6 Avoid name clashes with e-TeX commands (HO)
Package: kvsetkeys 2016/05/16 v1.17 Key value parser (HO)
Package: kvdefinekeys 2016/05/16 v1.4 Define keys (HO)
Package: pdftexcmds 2018/09/10 v0.29 Utility functions of pdfTeX for LuaTeX (HO
)
Package pdftexcmds Info: LuaTeX not detected.
Package pdftexcmds Info: pdfTeX >= 1.30 not detected.
Package pdftexcmds Info: \pdf@primitive is available.
Package pdftexcmds Info: \pdf@ifprimitive is available.
Package pdftexcmds Info: \pdfdraftmode not found.
Package: pdfescape 2016/05/16 v1.14 Implements pdfTeX's escape features (HO)
Package: bigintcalc 2016/05/16 v1.4 Expandable calculations on big integers (HO
)
Package: bitset 2016/05/16 v1.2 Handle bit-vector datatype (HO)
Package: uniquecounter 2016/05/16 v1.3 Provide unlimited unique counter (HO)
)
Package hobsub Info: Skipping package `hobsub' (already loaded).
Package: letltxmacro 2016/05/16 v1.5 Let assignment for LaTeX macros (HO)
Package: hopatch 2016/05/16 v1.3 Wrapper for package hooks (HO)
Package: xcolor-patch 2016/05/16 xcolor patch
Package: atveryend 2016/05/16 v1.9 Hooks at the very end of document (HO)
Package: atbegshi 2016/06/09 v1.18 At begin shipout hook (HO)
Package: refcount 2016/05/16 v3.5 Data extraction from label references (HO)
Package: hycolor 2016/05/16 v1.8 Color options for hyperref/bookmark (HO)
) (/Users/kathrynkozak/Library/TinyTeX/texmf-dist/tex/latex/oberdiek/auxhook.st
y
Package: auxhook 2016/05/16 v1.4 Hooks for auxiliary files (HO)
)
(/Users/kathrynkozak/Library/TinyTeX/texmf-dist/tex/latex/oberdiek/kvoptions.st
y
Package: kvoptions 2016/05/16 v3.12 Key value format for package options (HO)
)
\@linkdim=\dimen155
\Hy@linkcounter=\count277
\Hy@pagecounter=\count278
(/Users/kathrynkozak/Library/TinyTeX/texmf-dist/tex/latex/hyperref/pd1enc.def
File: pd1enc.def 2018/11/30 v6.88e Hyperref: PDFDocEncoding definition (HO)
)
\Hy@SavedSpaceFactor=\count279

(/Users/kathrynkozak/Library/TinyTeX/texmf-dist/tex/latex/latexconfig/hyperref.
cfg
File: hyperref.cfg 2002/06/06 v1.2 hyperref configuration of TeXLive
)
Package hyperref Info: Hyper figures OFF on input line 4519.
Package hyperref Info: Link nesting OFF on input line 4524.
Package hyperref Info: Hyper index ON on input line 4527.
Package hyperref Info: Plain pages OFF on input line 4534.
Package hyperref Info: Backreferencing OFF on input line 4539.
Package hyperref Info: Implicit mode ON; LaTeX internals redefined.
Package hyperref Info: Bookmarks ON on input line 4772.
\c@Hy@tempcnt=\count280
(/Users/kathrynkozak/Library/TinyTeX/texmf-dist/tex/latex/url/url.sty
\Urlmuskip=\muskip17
Package: url 2013/09/16  ver 3.4  Verb mode for urls, etc.
)
LaTeX Info: Redefining \url on input line 5125.
\XeTeXLinkMargin=\dimen156
\Fld@menulength=\count281
\Field@Width=\dimen157
\Fld@charsize=\dimen158
Package hyperref Info: Hyper figures OFF on input line 6380.
Package hyperref Info: Link nesting OFF on input line 6385.
Package hyperref Info: Hyper index ON on input line 6388.
Package hyperref Info: backreferencing OFF on input line 6395.
Package hyperref Info: Link coloring OFF on input line 6400.
Package hyperref Info: Link coloring with OCG OFF on input line 6405.
Package hyperref Info: PDF/A mode OFF on input line 6410.
LaTeX Info: Redefining \ref on input line 6450.
LaTeX Info: Redefining \pageref on input line 6454.
\Hy@abspage=\count282
\c@Item=\count283
\c@Hfootnote=\count284
)
Package hyperref Info: Driver (autodetected): hxetex.
(/Users/kathrynkozak/Library/TinyTeX/texmf-dist/tex/latex/hyperref/hxetex.def
File: hxetex.def 2018/11/30 v6.88e Hyperref driver for XeTeX
(/Users/kathrynkozak/Library/TinyTeX/texmf-dist/tex/latex/hyperref/puenc.def
File: puenc.def 2018/11/30 v6.88e Hyperref: PDF Unicode definition (HO)
)
(/Users/kathrynkozak/Library/TinyTeX/texmf-dist/tex/generic/oberdiek/stringenc.
sty
Package: stringenc 2016/05/16 v1.11 Convert strings between diff. encodings (HO
)
)
\pdfm@box=\box48
\c@Hy@AnnotLevel=\count285
\HyField@AnnotCount=\count286
\Fld@listcount=\count287
\c@bookmark@seq@number=\count288

(/Users/kathrynkozak/Library/TinyTeX/texmf-dist/tex/latex/oberdiek/rerunfileche
ck.sty
Package: rerunfilecheck 2016/05/16 v1.8 Rerun checks for auxiliary files (HO)
Package uniquecounter Info: New unique counter `rerunfilecheck' on input line 2
82.
)
\Hy@SectionHShift=\skip52
)
Package hyperref Info: Option `unicode' set `true' on input line 30.

(/Users/kathrynkozak/Library/TinyTeX/texmf-dist/tex/generic/oberdiek/se-ascii-p
rint.def
File: se-ascii-print.def 2016/05/16 v1.11 stringenc: Printable ASCII characters

)
Package hyperref Info: Option `breaklinks' set `true' on input line 30.
(/Users/kathrynkozak/Library/TinyTeX/texmf-dist/tex/latex/natbib/natbib.sty
Package: natbib 2010/09/13 8.31b (PWD, AO)
\bibhang=\skip53
\bibsep=\skip54
LaTeX Info: Redefining \cite on input line 694.
\c@NAT@ctr=\count289
) (/Users/kathrynkozak/Library/TinyTeX/texmf-dist/tex/latex/graphics/color.sty
Package: color 2016/07/10 v1.1e Standard LaTeX Color (DPC)

(/Users/kathrynkozak/Library/TinyTeX/texmf-dist/tex/latex/graphics-cfg/color.cf
g
File: color.cfg 2016/01/02 v1.6 sample color configuration
)
Package color Info: Driver file: xetex.def on input line 147.

(/Users/kathrynkozak/Library/TinyTeX/texmf-dist/tex/latex/graphics-def/xetex.de
f
File: xetex.def 2017/06/24 v5.0h Graphics/color driver for xetex
))
(/Users/kathrynkozak/Library/TinyTeX/texmf-dist/tex/latex/fancyvrb/fancyvrb.sty
Package: fancyvrb 2019/01/15
Style option: `fancyvrb' v3.2a <2019/01/15> (tvz)
\FV@CodeLineNo=\count290
\FV@InFile=\read2
\FV@TabBox=\box49
\c@FancyVerbLine=\count291
\FV@StepNumber=\count292
\FV@OutFile=\write3
) (/Users/kathrynkozak/Library/TinyTeX/texmf-dist/tex/latex/framed/framed.sty
Package: framed 2011/10/22 v 0.96: framed or shaded text with page breaks
\OuterFrameSep=\skip55
\fb@frw=\dimen159
\fb@frh=\dimen160
\FrameRule=\dimen161
\FrameSep=\dimen162
) (/Users/kathrynkozak/Library/TinyTeX/texmf-dist/tex/latex/tools/longtable.sty
Package: longtable 2014/10/28 v4.11 Multi-page Table package (DPC)+ FMi change
\LTleft=\skip56
\LTright=\skip57
\LTpre=\skip58
\LTpost=\skip59
\LTchunksize=\count293
\LTcapwidth=\dimen163
\LT@head=\box50
\LT@firsthead=\box51
\LT@foot=\box52
\LT@lastfoot=\box53
\LT@cols=\count294
\LT@rows=\count295
\c@LT@tables=\count296
\c@LT@chunks=\count297
\LT@p@ftn=\toks23
)
(/Users/kathrynkozak/Library/TinyTeX/texmf-dist/tex/latex/booktabs/booktabs.sty
Package: booktabs 2016/04/27 v1.618033 publication quality tables
\heavyrulewidth=\dimen164
\lightrulewidth=\dimen165
\cmidrulewidth=\dimen166
\belowrulesep=\dimen167
\belowbottomsep=\dimen168
\aboverulesep=\dimen169
\abovetopsep=\dimen170
\cmidrulesep=\dimen171
\cmidrulekern=\dimen172
\defaultaddspace=\dimen173
\@cmidla=\count298
\@cmidlb=\count299
\@aboverulesep=\dimen174
\@belowrulesep=\dimen175
\@thisruleclass=\count300
\@lastruleclass=\count301
\@thisrulewidth=\dimen176
)
(/Users/kathrynkozak/Library/TinyTeX/texmf-dist/tex/latex/graphics/graphicx.sty
Package: graphicx 2017/06/01 v1.1a Enhanced LaTeX Graphics (DPC,SPQR)

(/Users/kathrynkozak/Library/TinyTeX/texmf-dist/tex/latex/graphics/graphics.sty
Package: graphics 2017/06/25 v1.2c Standard LaTeX Graphics (DPC,SPQR)
(/Users/kathrynkozak/Library/TinyTeX/texmf-dist/tex/latex/graphics/trig.sty
Package: trig 2016/01/03 v1.10 sin cos tan (DPC)
)
(/Users/kathrynkozak/Library/TinyTeX/texmf-dist/tex/latex/graphics-cfg/graphics
.cfg
File: graphics.cfg 2016/06/04 v1.11 sample graphics configuration
)
Package graphics Info: Driver file: xetex.def on input line 99.
)
\Gin@req@height=\dimen177
\Gin@req@width=\dimen178
) (/Users/kathrynkozak/Library/TinyTeX/texmf-dist/tex/latex/oberdiek/grffile.st
y
Package: grffile 2017/06/30 v1.18 Extended file name support for graphics (HO)
Package grffile Info: Option `multidot' is set to `true'.
Package grffile Info: Option `extendedchars' is set to `false'.
Package grffile Info: Option `space' is set to `true'.
Package grffile Info: \Gin@ii of package `graphicx' fixed on input line 494.
) (/Users/kathrynkozak/Library/TinyTeX/texmf-dist/tex/latex/titling/titling.sty
Package: titling 2009/09/04 v2.1d maketitle typesetting
\thanksmarkwidth=\skip60
\thanksmargin=\skip61
\droptitle=\skip62
) (./Statistics_using_technology.aux)
\openout1 = `Statistics_using_technology.aux'.

LaTeX Font Info:    Checking defaults for OML/cmm/m/it on input line 133.
LaTeX Font Info:    ... okay on input line 133.
LaTeX Font Info:    Checking defaults for T1/cmr/m/n on input line 133.
LaTeX Font Info:    ... okay on input line 133.
LaTeX Font Info:    Checking defaults for OT1/cmr/m/n on input line 133.
LaTeX Font Info:    ... okay on input line 133.
LaTeX Font Info:    Checking defaults for OMS/cmsy/m/n on input line 133.
LaTeX Font Info:    ... okay on input line 133.
LaTeX Font Info:    Checking defaults for TU/lmr/m/n on input line 133.
LaTeX Font Info:    ... okay on input line 133.
LaTeX Font Info:    Checking defaults for OMX/cmex/m/n on input line 133.
LaTeX Font Info:    ... okay on input line 133.
LaTeX Font Info:    Checking defaults for U/cmr/m/n on input line 133.
LaTeX Font Info:    ... okay on input line 133.
LaTeX Font Info:    Checking defaults for TS1/cmr/m/n on input line 133.
LaTeX Font Info:    Try loading font information for TS1+cmr on input line 133.

(/Users/kathrynkozak/Library/TinyTeX/texmf-dist/tex/latex/base/ts1cmr.fd
File: ts1cmr.fd 2014/09/29 v2.5h Standard LaTeX font definitions
)
LaTeX Font Info:    ... okay on input line 133.
LaTeX Font Info:    Checking defaults for PD1/pdf/m/n on input line 133.
LaTeX Font Info:    ... okay on input line 133.
LaTeX Font Info:    Checking defaults for PU/pdf/m/n on input line 133.
LaTeX Font Info:    ... okay on input line 133.
*geometry* driver: auto-detecting
*geometry* detected driver: xetex
*geometry* verbose mode - [ preamble ] result:
* driver: xetex
* paper: <default>
* layout: <same size as paper>
* layoutoffset:(h,v)=(0.0pt,0.0pt)
* modes: twoside 
* h-part:(L,W,R)=(72.26999pt, 469.75502pt, 72.26999pt)
* v-part:(T,H,B)=(72.26999pt, 650.43001pt, 72.26999pt)
* \paperwidth=614.295pt
* \paperheight=794.96999pt
* \textwidth=469.75502pt
* \textheight=650.43001pt
* \oddsidemargin=0.0pt
* \evensidemargin=0.0pt
* \topmargin=-30.06749pt
* \headheight=12.0pt
* \headsep=18.06749pt
* \topskip=10.0pt
* \footskip=25.29494pt
* \marginparwidth=125.0pt
* \marginparsep=7.0pt
* \columnsep=10.0pt
* \skip\footins=9.0pt plus 4.0pt minus 2.0pt
* \hoffset=0.0pt
* \voffset=0.0pt
* \mag=1000
* \@twocolumnfalse
* \@twosidetrue
* \@mparswitchtrue
* \@reversemarginfalse
* (1in=72.27pt=25.4mm, 1cm=28.453pt)

\AtBeginShipoutBox=\box54
Package hyperref Info: Link coloring OFF on input line 133.
(/Users/kathrynkozak/Library/TinyTeX/texmf-dist/tex/latex/hyperref/nameref.sty
Package: nameref 2016/05/21 v2.44 Cross-referencing by name of section

(/Users/kathrynkozak/Library/TinyTeX/texmf-dist/tex/generic/oberdiek/gettitlest
ring.sty
Package: gettitlestring 2016/05/16 v1.5 Cleanup title references (HO)
)
\c@section@level=\count302
)
LaTeX Info: Redefining \ref on input line 133.
LaTeX Info: Redefining \pageref on input line 133.
LaTeX Info: Redefining \nameref on input line 133.
(./Statistics_using_technology.out) (./Statistics_using_technology.out)
\@outlinefile=\write4
\openout4 = `Statistics_using_technology.out'.

[1


] [2

] (./Statistics_using_technology.toc
LaTeX Font Info:    Try loading font information for OT1+lmr on input line 2.
(/Users/kathrynkozak/Library/TinyTeX/texmf-dist/tex/latex/lm/ot1lmr.fd
File: ot1lmr.fd 2009/10/30 v1.6 Font defs for Latin Modern
)
LaTeX Font Info:    Try loading font information for OML+lmm on input line 2.
(/Users/kathrynkozak/Library/TinyTeX/texmf-dist/tex/latex/lm/omllmm.fd
File: omllmm.fd 2009/10/30 v1.6 Font defs for Latin Modern
)
LaTeX Font Info:    Try loading font information for OMS+lmsy on input line 2.
(/Users/kathrynkozak/Library/TinyTeX/texmf-dist/tex/latex/lm/omslmsy.fd
File: omslmsy.fd 2009/10/30 v1.6 Font defs for Latin Modern
)
LaTeX Font Info:    Try loading font information for OMX+lmex on input line 2.
(/Users/kathrynkozak/Library/TinyTeX/texmf-dist/tex/latex/lm/omxlmex.fd
File: omxlmex.fd 2009/10/30 v1.6 Font defs for Latin Modern
)
LaTeX Font Info:    External font `lmex10' loaded for size
(Font)              <10> on input line 2.
LaTeX Font Info:    External font `lmex10' loaded for size
(Font)              <7> on input line 2.
LaTeX Font Info:    External font `lmex10' loaded for size
(Font)              <5> on input line 2.
LaTeX Font Info:    Try loading font information for U+msa on input line 2.
(/Users/kathrynkozak/Library/TinyTeX/texmf-dist/tex/latex/amsfonts/umsa.fd
File: umsa.fd 2013/01/14 v3.01 AMS symbols A
)
LaTeX Font Info:    Try loading font information for U+msb on input line 2.
(/Users/kathrynkozak/Library/TinyTeX/texmf-dist/tex/latex/amsfonts/umsb.fd
File: umsb.fd 2013/01/14 v3.01 AMS symbols B
) [3])
\tf@toc=\write5
\openout5 = `Statistics_using_technology.toc'.

[4] [5

]
Underfull \hbox (badness 1762) in paragraph at lines 260--262
\TU/lmr/m/n/10 You will need the following packages installed and loaded in R S
tudio: arm, mosaic, MASS,
 []

[6]
Chapter 1.
LaTeX Font Info:    Font shape `TU/lmtt/bx/n' in size <10> not available
(Font)              Font shape `TU/lmtt/b/n' tried instead on input line 318.
[7

] [8] [9] [10] [11] [12]
Underfull \hbox (badness 10000) in paragraph at lines 785--786

 []

[13] [14] [15] [16] [17]
Underfull \hbox (badness 10000) in paragraph at lines 1175--1176

 []

[18] [19] [20]
Underfull \hbox (badness 10000) in paragraph at lines 1440--1448

 []

[21] [22] [23] [24]
Underfull \hbox (badness 10000) in paragraph at lines 1765--1766

 []

[25] [26

]
Chapter 2.
[27]
Underfull \hbox (badness 10000) in paragraph at lines 1845--1846

 []

[28]
File: Statistics_using_technology_files/figure-latex/class-data-bar-1.pdf Graph
ic file (type pdf)
<use Statistics_using_technology_files/figure-latex/class-data-bar-1.pdf>
[29]
File: Statistics_using_technology_files/figure-latex/class-data-bar-gender-1.pd
f Graphic file (type pdf)
<use Statistics_using_technology_files/figure-latex/class-data-bar-gender-1.pdf
>
File: Statistics_using_technology_files/figure-latex/class-data-dot-gender-1.pd
f Graphic file (type pdf)
<use Statistics_using_technology_files/figure-latex/class-data-dot-gender-1.pdf
>
[30] [31]
File: Statistics_using_technology_files/figure-latex/car-data-gender-1.pdf Grap
hic file (type pdf)
<use Statistics_using_technology_files/figure-latex/car-data-gender-1.pdf>
File: Statistics_using_technology_files/figure-latex/car-data-gender-gitter-1.p
df Graphic file (type pdf)
<use Statistics_using_technology_files/figure-latex/car-data-gender-gitter-1.pd
f>
[32] [33] [34] [35] [36]
Underfull \hbox (badness 10000) in paragraph at lines 2327--2328

 []

[37]
File: Statistics_using_technology_files/figure-latex/distance-campus-hist-cap-1
.pdf Graphic file (type pdf)
<use Statistics_using_technology_files/figure-latex/distance-campus-hist-cap-1.
pdf>
File: Statistics_using_technology_files/figure-latex/distance-campus-density-1.
pdf Graphic file (type pdf)
<use Statistics_using_technology_files/figure-latex/distance-campus-density-1.p
df>
[38] [39]
File: Statistics_using_technology_files/figure-latex/distance-campus-dot-1.pdf 
Graphic file (type pdf)
<use Statistics_using_technology_files/figure-latex/distance-campus-dot-1.pdf>
[40]
File: symmetric.png Graphic file (type bmp)
<symmetric.png>

Overfull \hbox (180.94531pt too wide) in paragraph at lines 2498--2500
[]\TU/lmr/bx/n/10 Graph #.2.1: Symetric Distribution [] 
 []

File: bimodal_symmetric.png Graphic file (type bmp)
<bimodal_symmetric.png>

Overfull \hbox (261.95296pt too wide) in paragraph at lines 2503--2505
[]\TU/lmr/bx/n/10 Graph #2.2.2: Symmetric and Bimodal Distribution [] 
 []

File: skewed_right.png Graphic file (type bmp)
<skewed_right.png>

Overfull \hbox (209.61957pt too wide) in paragraph at lines 2508--2510
[]\TU/lmr/bx/n/10 Graph #2.2.3: Skewed Right Distribution [] 
 []

[41]
File: skewed_left.png Graphic file (type bmp)
<skewed_left.png>

Overfull \hbox (201.65457pt too wide) in paragraph at lines 2513--2515
[]\TU/lmr/bx/n/10 Graph #2.2.4: Skewed Left Distribution [] 
 []

File: uniform.png Graphic file (type bmp)
<uniform.png>

Overfull \hbox (183.90143pt too wide) in paragraph at lines 2518--2520
[]\TU/lmr/bx/n/10 Graph #2.2.5: Uniform Distribution [] 
 []


Underfull \vbox (badness 10000) has occurred while \output is active []

[42] [43]
File: Statistics_using_technology_files/figure-latex/tuition-instate-1.pdf Grap
hic file (type pdf)
<use Statistics_using_technology_files/figure-latex/tuition-instate-1.pdf>
File: Statistics_using_technology_files/figure-latex/tuition-instate-type-1.pdf
 Graphic file (type pdf)
<use Statistics_using_technology_files/figure-latex/tuition-instate-type-1.pdf>

[44] [45] [46] [47]
Underfull \vbox (badness 10000) has occurred while \output is active []

[48] [49]
Underfull \vbox (badness 10000) has occurred while \output is active []

[50] [51] [52]
Underfull \hbox (badness 10000) in paragraph at lines 3095--3096

 []

[53]
File: Statistics_using_technology_files/figure-latex/weight-bp-sys-data-1.pdf G
raphic file (type pdf)
<use Statistics_using_technology_files/figure-latex/weight-bp-sys-data-1.pdf>
[54] [55]
File: Statistics_using_technology_files/figure-latex/Assets-data-gitter-1.pdf G
raphic file (type pdf)
<use Statistics_using_technology_files/figure-latex/Assets-data-gitter-1.pdf>
[56] [57]
File: Statistics_using_technology_files/figure-latex/Assets-1.pdf Graphic file 
(type pdf)
<use Statistics_using_technology_files/figure-latex/Assets-1.pdf>
[58] [59] [60] [61] [62] [63] [64] [65]
Overfull \hbox (30.58496pt too wide) in paragraph at lines 3922--3925
[] [] [][][] [] [][][][][][][][][][][][][][][][][][][][][] [] [][][] [] [][][][
][][][][][] [] [][][][][][][][][][][][][][][][][][][][][][][][][][][][][][][][]
[][][][][][][][][][][][][][][][][][][][][][][][][][][][][][][][][][][][][][][][
][][][][]$[] 
 []

[66]
Underfull \hbox (badness 2302) in paragraph at lines 4015--4017
[]\TU/lmr/m/n/10 Health Insurance Market Place Retrieved from website: []$[][][
][] [] [] [] [][][][] [] [][][] [] [][][] [] [][][][][][] [] [][][][][][][] [] 
[][][][] []
 []

[67] [68]
Chapter 3.
[69

] [70]
File: code_book_cats.jpeg Graphic file (type bmp)
<code_book_cats.jpeg>

Overfull \hbox (224.02412pt too wide) in paragraph at lines 4205--4207
[]\TU/lmr/bx/n/10 Image #3.1.1: Code book for cats data frame [] 
 []

[71] [72]
File: centers_distribution.png Graphic file (type bmp)
<centers_distribution.png>

Overfull \hbox (285.78859pt too wide) in paragraph at lines 4357--4359
[]\TU/lmr/bx/n/10 Graph #3.1.2: Mean, Median, Mode as Related to a Distribution
 [] 
 []

[73] [74] [75] [76] [77]
File: graph_3_1_1.png Graphic file (type bmp)
<graph_3_1_1.png>

Overfull \hbox (112.0795pt too wide) in paragraph at lines 4754--4756
[]\TU/lmr/bx/n/10 Graph #3.1.1: Skewed or Symmetric Graph [] 
 []

File: graph_3_1_2.png Graphic file (type bmp)
<graph_3_1_2.png>

Overfull \hbox (112.0795pt too wide) in paragraph at lines 4767--4769
[]\TU/lmr/bx/n/10 Graph #3.1.2: Skewed or Symmetric Graph [] 
 []

[78]
Underfull \hbox (badness 10000) in paragraph at lines 4824--4825

 []

[79] [80] [81] [82] [83] [84] [85] [86] [87]
Underfull \hbox (badness 10000) in paragraph at lines 5520--5521

 []

[88] [89]
File: Statistics_using_technology_files/figure-latex/cats1-data-box-1.pdf Graph
ic file (type pdf)
<use Statistics_using_technology_files/figure-latex/cats1-data-box-1.pdf>
[90]
File: Statistics_using_technology_files/figure-latex/cats2-data-box-1.pdf Graph
ic file (type pdf)
<use Statistics_using_technology_files/figure-latex/cats2-data-box-1.pdf>
[91] [92]
File: Statistics_using_technology_files/figure-latex/density-data-density-1.pdf
 Graphic file (type pdf)
<use Statistics_using_technology_files/figure-latex/density-data-density-1.pdf>

[93] [94] [95]
Underfull \hbox (badness 10000) in paragraph at lines 6061--6062

 []

[96] [97] [98

]
Chapter 4.
[99] [100] [101] [102] [103]
Underfull \hbox (badness 10000) in paragraph at lines 6491--6492

 []

[104] [105] [106] [107] [108]
Underfull \hbox (badness 10000) in paragraph at lines 7035--7036

 []

[109] [110] [111]
Underfull \hbox (badness 10000) in paragraph at lines 7277--7278

 []

[112] [113]
Underfull \hbox (badness 10000) in paragraph at lines 7583--7584

 []

[114] [115] [116] [117] [118] [119] [120] [121] [122]
Underfull \hbox (badness 10000) in paragraph at lines 8387--8388

 []

[123] [124]
Underfull \hbox (badness 10000) in paragraph at lines 8525--8526

 []

[125] [126

]
Chapter 5.

Underfull \hbox (badness 10000) in paragraph at lines 8587--8588

 []


Underfull \hbox (badness 1112) in paragraph at lines 8597--8599
[]\TU/lmr/m/n/10 As with probabilities, probability distributions, have the pro
perties, $\OT1/lmr/m/n/10 0 \OMS/lmsy/m/n/10 ^^T \OML/lmm/m/it/10 P\OT1/lmr/m/n
/10 (\OML/lmm/m/it/10 outcome\OT1/lmr/m/n/10 ) \OMS/lmsy/m/n/10 ^^T \OT1/lmr/m/
n/10 1$ \TU/lmr/m/n/10 and
 []

[127]
File: Statistics_using_technology_files/figure-latex/discrete-histogram-1.pdf G
raphic file (type pdf)
<use Statistics_using_technology_files/figure-latex/discrete-histogram-1.pdf>
[128] [129] [130]
Underfull \hbox (badness 10000) in paragraph at lines 8787--8788

 []

[131] [132]
Underfull \hbox (badness 10000) in paragraph at lines 9046--9047

 []

[133]
Underfull \hbox (badness 10000) in paragraph at lines 9089--9090

 []

[134] [135] [136] [137]
Underfull \hbox (badness 10000) in paragraph at lines 9595--9596

 []

[138] [139]
File: Statistics_using_technology_files/figure-latex/green-eyes-histogram-1.pdf
 Graphic file (type pdf)
<use Statistics_using_technology_files/figure-latex/green-eyes-histogram-1.pdf>

[140] [141] [142]
Chapter 6.
File: Statistics_using_technology_files/figure-latex/NHANES6-density-1.pdf Grap
hic file (type pdf)
<use Statistics_using_technology_files/figure-latex/NHANES6-density-1.pdf>
File: Statistics_using_technology_files/figure-latex/headcirc6-density-1.pdf Gr
aphic file (type pdf)
<use Statistics_using_technology_files/figure-latex/headcirc6-density-1.pdf>

LaTeX Warning: Reference `fig:headcirc60density' on page 143 undefined on input
 line 10014.

File: Statistics_using_technology_files/figure-latex/NHANES6a-density-1.pdf Gra
phic file (type pdf)
<use Statistics_using_technology_files/figure-latex/NHANES6a-density-1.pdf>
File: Statistics_using_technology_files/figure-latex/NHANES6b-density-1.pdf Gra
phic file (type pdf)
<use Statistics_using_technology_files/figure-latex/NHANES6b-density-1.pdf>
File: Statistics_using_technology_files/figure-latex/NHANES6c-density-1.pdf Gra
phic file (type pdf)
<use Statistics_using_technology_files/figure-latex/NHANES6c-density-1.pdf>
[143

] [144] [145] [146] [147] [148]
File: Statistics_using_technology_files/figure-latex/normal-curvea-1.pdf Graphi
c file (type pdf)
<use Statistics_using_technology_files/figure-latex/normal-curvea-1.pdf>
File: Statistics_using_technology_files/figure-latex/normal-curveb-1.pdf Graphi
c file (type pdf)
<use Statistics_using_technology_files/figure-latex/normal-curveb-1.pdf>

Underfull \hbox (badness 10000) in paragraph at lines 10129--10130

 []

[149] [150]
Underfull \hbox (badness 10000) in paragraph at lines 10147--10148

 []

File: Empirical_rule.png Graphic file (type bmp)
<Empirical_rule.png>

Underfull \hbox (badness 10000) in paragraph at lines 10164--10165

 []

[151]
File: Statistics_using_technology_files/figure-latex/normal-curve61-1.pdf Graph
ic file (type pdf)
<use Statistics_using_technology_files/figure-latex/normal-curve61-1.pdf>
File: Statistics_using_technology_files/figure-latex/normal-curve62-1.pdf Graph
ic file (type pdf)
<use Statistics_using_technology_files/figure-latex/normal-curve62-1.pdf>
[152] [153] [154]
File: Statistics_using_technology_files/figure-latex/normal-curve63-1.pdf Graph
ic file (type pdf)
<use Statistics_using_technology_files/figure-latex/normal-curve63-1.pdf>
File: Statistics_using_technology_files/figure-latex/normal-curve-preg-1.pdf Gr
aphic file (type pdf)
<use Statistics_using_technology_files/figure-latex/normal-curve-preg-1.pdf>
File: Statistics_using_technology_files/figure-latex/normal-curve-preg1-1.pdf G
raphic file (type pdf)
<use Statistics_using_technology_files/figure-latex/normal-curve-preg1-1.pdf>
[155] [156] [157]
File: Statistics_using_technology_files/figure-latex/normal-curve-SAT-1.pdf Gra
phic file (type pdf)
<use Statistics_using_technology_files/figure-latex/normal-curve-SAT-1.pdf>
File: Statistics_using_technology_files/figure-latex/normal-curve-SAT1-1.pdf Gr
aphic file (type pdf)
<use Statistics_using_technology_files/figure-latex/normal-curve-SAT1-1.pdf>
[158] [159] [160]
File: Statistics_using_technology_files/figure-latex/normal-curve-SAT2-1.pdf Gr
aphic file (type pdf)
<use Statistics_using_technology_files/figure-latex/normal-curve-SAT2-1.pdf>
[161] [162] [163]
Underfull \hbox (badness 10000) in paragraph at lines 10869--10870

 []

[164] [165]
File: Statistics_using_technology_files/figure-latex/blowhole-density-1.pdf Gra
phic file (type pdf)
<use Statistics_using_technology_files/figure-latex/blowhole-density-1.pdf>
File: Statistics_using_technology_files/figure-latex/blowhole-qq-1.pdf Graphic 
file (type pdf)
<use Statistics_using_technology_files/figure-latex/blowhole-qq-1.pdf>
[166] [167]
File: Statistics_using_technology_files/figure-latex/pulse-density-1.pdf Graphi
c file (type pdf)
<use Statistics_using_technology_files/figure-latex/pulse-density-1.pdf>
[168] [169]
File: Statistics_using_technology_files/figure-latex/pulse-qq-1.pdf Graphic fil
e (type pdf)
<use Statistics_using_technology_files/figure-latex/pulse-qq-1.pdf>
[170] [171]
Underfull \hbox (badness 10000) in paragraph at lines 11285--11286

 []

File: Statistics_using_technology_files/figure-latex/NHANES6h-density-1.pdf Gra
phic file (type pdf)
<use Statistics_using_technology_files/figure-latex/NHANES6h-density-1.pdf>
[172] [173]
File: Statistics_using_technology_files/figure-latex/NHANES6e-density-1.pdf Gra
phic file (type pdf)
<use Statistics_using_technology_files/figure-latex/NHANES6e-density-1.pdf>
File: Statistics_using_technology_files/figure-latex/NHANES6f-density-1.pdf Gra
phic file (type pdf)
<use Statistics_using_technology_files/figure-latex/NHANES6f-density-1.pdf>
[174] [175] [176]
File: Statistics_using_technology_files/figure-latex/NHANES6g-density-1.pdf Gra
phic file (type pdf)
<use Statistics_using_technology_files/figure-latex/NHANES6g-density-1.pdf>
[177]
File: Statistics_using_technology_files/figure-latex/NHANES6-random-1.pdf Graph
ic file (type pdf)
<use Statistics_using_technology_files/figure-latex/NHANES6-random-1.pdf>
[178] [179] [180] [181] [182]
Overfull \hbox (11.1025pt too wide) in paragraph at lines 12019--12021
[]\TU/lmr/m/it/10 Staff nurse - RN salary\TU/lmr/m/n/10 . (2013, November 08). 
Retrieved from []$[][][][] [] [] [] [][][][] [] [][][][][][] [] [][][] [] [][][
][][][][][][][][][][][][][][][][][][][][][] []
 []

[183] [184

]
Chapter 7.
[185] [186] [187] [188] [189] [190] [191] [192] [193] [194]
Underfull \hbox (badness 10000) in paragraph at lines 12886--12887

 []

[195] [196] [197] [198]
Underfull \hbox (badness 10000) in paragraph at lines 13331--13332

 []

[199] [200] [201]
File: Statistics_using_technology_files/figure-latex/sample-NHANES10-resample-h
istogram-1.pdf Graphic file (type pdf)
<use Statistics_using_technology_files/figure-latex/sample-NHANES10-resample-hi
stogram-1.pdf>
[202]
File: Statistics_using_technology_files/figure-latex/tdistribution-graph-1.pdf 
Graphic file (type pdf)
<use Statistics_using_technology_files/figure-latex/tdistribution-graph-1.pdf>
[203] [204] [205] [206]
File: Statistics_using_technology_files/figure-latex/sample-NHANES-50-density-1
.pdf Graphic file (type pdf)
<use Statistics_using_technology_files/figure-latex/sample-NHANES-50-density-1.
pdf>
File: Statistics_using_technology_files/figure-latex/sample-HNANES-50-qq-1.pdf 
Graphic file (type pdf)
<use Statistics_using_technology_files/figure-latex/sample-HNANES-50-qq-1.pdf>
[207] [208] [209]
Underfull \hbox (badness 10000) in paragraph at lines 13943--13945
[]\TU/lmr/bx/n/10 Source []$[][][][] [] [] [] [][][][] [] [][][] [] [][][] [] [
][][] [] [][][][][][] [] [][][][] [] [][][][][][][][] [] [][][] [] [][][][][][]
 [] [][][] [] [][][][][][] [] [][][] [] [][][][][][] []
 []

File: Statistics_using_technology_files/figure-latex/expectancy-male-density-1.
pdf Graphic file (type pdf)
<use Statistics_using_technology_files/figure-latex/expectancy-male-density-1.p
df>
File: Statistics_using_technology_files/figure-latex/expanctancy-male-qq-1.pdf 
Graphic file (type pdf)
<use Statistics_using_technology_files/figure-latex/expanctancy-male-qq-1.pdf>
[210] [211] [212] [213]
Underfull \vbox (badness 10000) has occurred while \output is active []

[214] [215]
Underfull \hbox (badness 2237) in paragraph at lines 14298--14302
[]\TU/lmr/bx/n/10 Source \TU/lmr/m/n/10 (n.d.). Retrieved July 18, 2019, from [
]$[][][][][] [] [] [] [][][] [] [][][][][][][] [] [][][] [] [][][][][][][][][][
][][][] [] [][][][][][][][][][] []
 []

[216] [217] [218] [219]
Underfull \hbox (badness 10000) in paragraph at lines 14608--14611
[] [] [][][][] [] [][][][] [] [][][][] [] [][][] [] [][][][] [] [][][][][] [] [
][][] [] [][][][] [] [][][][] [] [][][][] [] [][][][][] [] [][][][][][][][][][]
[][][][][][][] [] [][][][] [] [][][][] []
 []


Underfull \hbox (badness 10000) in paragraph at lines 14608--14611
[][] [] [][][][][][][] [] [][] [] [][][] [] [][][] [] [][][] [] [][][][][][][][
][] [] [][][][][] [] [][] [] [][][][][][][][][] [] [][] [] [][][][][][][][] [] 
[][] [] [][][][][][] [] [][] [] [][][] []
 []

[220] [221] [222]
Underfull \hbox (badness 10000) in paragraph at lines 14820--14821

 []


Underfull \hbox (badness 1960) in paragraph at lines 14832--14837
\TU/lmr/m/n/10 Developmental Disabilities Monitoring Network. (2008). \TU/lmr/m
/it/10 Autism and developmental disabilities
 []


Overfull \hbox (71.57497pt too wide) in paragraph at lines 14842--14845
[]$[][][][][] [] [] [] [][][] [] [][][][][][][][][] [] [][][] [] [][][][][] [] 
[][][][] [] [][][][][][][][] [] [][][][][][][][][] [] [][][][] [] [][] [] [][] 
[] [][][][][][][][][][][][][][][][][][][][][][][][][][][][][][][][][][][][][][]
[][][][][][][][][][][][][][][][][][] []
 []


Underfull \hbox (badness 10000) in paragraph at lines 14846--14847
[][]$[][][][] [] [] [] [][][][] [] [][][] [] [][][] [] [][][] [] [][][][][][] [
] [][][][] [] [][][][][][][][] [] [][][] [] [][][][][][] [] [][][] [] [][][][][
][] [] [][][] [] [][][][][][] [] [][][][][][] []
 []


Overfull \hbox (43.999pt too wide) in paragraph at lines 14851--14855
[]\TU/lmr/m/n/10 (n.d.). Retrieved July 18, 2019, from []$[][][][][] [] [] [] [
][][] [] [][][][][][][] [] [][][] [] [][][][][][][][][][][][][] [] [][][][][][]
[][][][] [] [][][][][][][][][][][][][][][][][][][][][][][][][][][][][][][][][][
]$[]
 []

[223]
Underfull \hbox (badness 10000) in paragraph at lines 14866--14869
[][][] [] [][][][] [] [][][][][] [] [][][] [] [][][][] [] [][][][] [] [][][][] 
[] [][][][][] [] [][][][][][][][][][][][][][][][][] [] [][][][] [] [][][][] [] 
[][] [] [][][][][][][] [] [][] [] [][][] []
 []

[224]
Chapter 8.
[225

]
File: effect_confidence_level.png Graphic file (type bmp)
<effect_confidence_level.png>
[226]
File: effect_sample_size.png Graphic file (type bmp)
<effect_sample_size.png>
[227] [228] [229] [230]
Underfull \hbox (badness 10000) in paragraph at lines 15388--15389

 []

[231] [232]
File: Statistics_using_technology_files/figure-latex/sample-NHANES8-density-1.p
df Graphic file (type pdf)
<use Statistics_using_technology_files/figure-latex/sample-NHANES8-density-1.pd
f>
File: Statistics_using_technology_files/figure-latex/sample-NHANES8-qq-1.pdf Gr
aphic file (type pdf)
<use Statistics_using_technology_files/figure-latex/sample-NHANES8-qq-1.pdf>
[233] [234] [235] [236]
File: Statistics_using_technology_files/figure-latex/expectancy-male8-density-1
.pdf Graphic file (type pdf)
<use Statistics_using_technology_files/figure-latex/expectancy-male8-density-1.
pdf>
File: Statistics_using_technology_files/figure-latex/expectancy-male8-qq-1.pdf 
Graphic file (type pdf)
<use Statistics_using_technology_files/figure-latex/expectancy-male8-qq-1.pdf>
[237] [238] [239]
Underfull \vbox (badness 10000) has occurred while \output is active []

[240] [241] [242] [243] [244]
Underfull \vbox (badness 10000) has occurred while \output is active []

[245]
Underfull \hbox (badness 10000) in paragraph at lines 16310--16311

 []


Underfull \hbox (badness 1960) in paragraph at lines 16322--16327
\TU/lmr/m/n/10 Developmental Disabilities Monitoring Network. (2008). \TU/lmr/m
/it/10 Autism and developmental disabilities
 []


Overfull \hbox (71.57497pt too wide) in paragraph at lines 16332--16335
[]$[][][][][] [] [] [] [][][] [] [][][][][][][][][] [] [][][] [] [][][][][] [] 
[][][][] [] [][][][][][][][] [] [][][][][][][][][] [] [][][][] [] [][] [] [][] 
[] [][][][][][][][][][][][][][][][][][][][][][][][][][][][][][][][][][][][][][]
[][][][][][][][][][][][][][][][][][] []
 []


Underfull \hbox (badness 10000) in paragraph at lines 16336--16337
[][]$[][][][] [] [] [] [][][][] [] [][][] [] [][][] [] [][][] [] [][][][][][] [
] [][][][] [] [][][][][][][][] [] [][][] [] [][][][][][] [] [][][] [] [][][][][
][] [] [][][] [] [][][][][][] [] [][][][][][] []
 []


Overfull \hbox (43.999pt too wide) in paragraph at lines 16341--16345
[]\TU/lmr/m/n/10 (n.d.). Retrieved July 18, 2019, from []$[][][][][] [] [] [] [
][][] [] [][][][][][][] [] [][][] [] [][][][][][][][][][][][][] [] [][][][][][]
[][][][] [] [][][][][][][][][][][][][][][][][][][][][][][][][][][][][][][][][][
]$[]
 []

[246]
Underfull \hbox (badness 10000) in paragraph at lines 16356--16359
[][][] [] [][][][] [] [][][][][] [] [][][] [] [][][][] [] [][][][] [] [][][][] 
[] [][][][][] [] [][][][][][][][][][][][][][][][][] [] [][][][] [] [][][][] [] 
[][] [] [][][][][][][] [] [][] [] [][][] []
 []

[247] [248

]
Chapter 9.
[249] [250] [251] [252] [253]
Underfull \hbox (badness 10000) in paragraph at lines 16814--16815

 []

[254] [255] [256] [257] [258]
File: Statistics_using_technology_files/figure-latex/pulse9-female-density-1.pd
f Graphic file (type pdf)
<use Statistics_using_technology_files/figure-latex/pulse9-female-density-1.pdf
>
File: Statistics_using_technology_files/figure-latex/pulse9-female-qq-1.pdf Gra
phic file (type pdf)
<use Statistics_using_technology_files/figure-latex/pulse9-female-qq-1.pdf>
[259] [260] [261] [262] [263]
File: Statistics_using_technology_files/figure-latex/helmet9-new-denstiy-1.pdf 
Graphic file (type pdf)
<use Statistics_using_technology_files/figure-latex/helmet9-new-denstiy-1.pdf>
File: Statistics_using_technology_files/figure-latex/helmet9-new-qq-1.pdf Graph
ic file (type pdf)
<use Statistics_using_technology_files/figure-latex/helmet9-new-qq-1.pdf>
[264] [265] [266] [267] [268] [269] [270] [271]
Underfull \hbox (badness 10000) in paragraph at lines 18090--18091

 []

[272] [273] [274]
Underfull \hbox (badness 10000) in paragraph at lines 18370--18371
[]\TU/lmtt/m/n/10 {r NHANES9-diabetes-density, warning=FALSE, fig.cap="(ref:NHA
NES9-diabetes-density-cap}"
 []

File: Statistics_using_technology_files/figure-latex/NHANES9-diabetes-qq-1.pdf 
Graphic file (type pdf)
<use Statistics_using_technology_files/figure-latex/NHANES9-diabetes-qq-1.pdf>
[275] [276] [277] [278]
File: Statistics_using_technology_files/figure-latex/hotdog9-density-1.pdf Grap
hic file (type pdf)
<use Statistics_using_technology_files/figure-latex/hotdog9-density-1.pdf>
File: Statistics_using_technology_files/figure-latex/hotdog9-qq-1.pdf Graphic f
ile (type pdf)
<use Statistics_using_technology_files/figure-latex/hotdog9-qq-1.pdf>
[279] [280] [281] [282] [283] [284]
Underfull \hbox (badness 10000) in paragraph at lines 19012--19013

 []


Underfull \hbox (badness 10000) in paragraph at lines 19090--19091

 []


Underfull \hbox (badness 1960) in paragraph at lines 19097--19102
\TU/lmr/m/n/10 Developmental Disabilities Monitoring Network. (2008). \TU/lmr/m
/it/10 Autism and developmental disabilities
 []

[285] [286]
Chapter 10.
[287

]
File: Statistics_using_technology_files/figure-latex/beer10-point-1.pdf Graphic
 file (type pdf)
<use Statistics_using_technology_files/figure-latex/beer10-point-1.pdf>

LaTeX Warning: Reference `beer10-point-lm' on page 288 undefined on input line 
19273.

File: Statistics_using_technology_files/figure-latex/beer10-point-lm-1.pdf Grap
hic file (type pdf)
<use Statistics_using_technology_files/figure-latex/beer10-point-lm-1.pdf>
[288] [289] [290] [291] [292]
Underfull \vbox (badness 3281) has occurred while \output is active []

[293]
File: Statistics_using_technology_files/figure-latex/Beer10-point-residuals-1.p
df Graphic file (type pdf)
<use Statistics_using_technology_files/figure-latex/Beer10-point-residuals-1.pd
f>
[294]
File: Statistics_using_technology_files/figure-latex/Beer10a-point-lm-1.pdf Gra
phic file (type pdf)
<use Statistics_using_technology_files/figure-latex/Beer10a-point-lm-1.pdf>
[295] [296] [297] [298]
Underfull \vbox (badness 10000) has occurred while \output is active []

[299]
Overfull \hbox (11.07503pt too wide) in paragraph at lines 19945--19952
[]\TU/lmr/m/n/10 Different species have different body weights and brain weight
s are in table #10.1.8. (Brain2bodyweight,
 []

[300] [301] [302] [303]
Underfull \hbox (badness 10000) in paragraph at lines 20234--20235

 []

[304]
LaTeX Font Info:    External font `lmex10' loaded for size
(Font)              <12> on input line 20280.
LaTeX Font Info:    External font `lmex10' loaded for size
(Font)              <8> on input line 20280.
LaTeX Font Info:    External font `lmex10' loaded for size
(Font)              <6> on input line 20280.
[305] [306]
Overfull \hbox (11.07503pt too wide) in paragraph at lines 20536--20539
[]\TU/lmr/m/n/10 Different species have different body weights and brain weight
s are in table #10.1.8. (Brain2bodyweight,
 []

[307]
Underfull \hbox (badness 10000) in paragraph at lines 20626--20627

 []

[308] [309] [310] [311] [312]
Overfull \hbox (11.07503pt too wide) in paragraph at lines 21054--21056
[]\TU/lmr/m/n/10 Different species have different body weights and brain weight
s are in table #10.1.8. (Brain2bodyweight,
 []

[313]
Underfull \hbox (badness 10000) in paragraph at lines 21132--21133

 []


Underfull \hbox (badness 2856) in paragraph at lines 21151--21154
[]\TU/lmr/m/n/10 (n.d.). Retrieved July 21, 2019, from []$[][][][][] [] [] [] [
][][][] [] [][] [] [][][] [] [][][][][][][][][] [] [][][][][][][][] [] [][][][]
$[] and Sto-
 []

[314]
Chapter 11.
[315

] [316] [317]
Overfull \hbox (45.91516pt too wide) in alignment at lines 21456--21474
 [] [] [] [] [] [] 
 []


Overfull \hbox (45.91516pt too wide) in alignment at lines 21474--21541
 [] [] [] [] [] [] 
 []


Underfull \vbox (badness 10000) has occurred while \output is active []

[318] [319]
Underfull \hbox (badness 10000) in paragraph at lines 21719--21720

 []

[320] [321] [322] [323]
Underfull \hbox (badness 10000) in paragraph at lines 22073--22077

 []

[324] [325] [326] [327] [328] [329] [330]
Underfull \hbox (badness 10000) in paragraph at lines 22682--22686
[][][] [] [][][] [] [][][][][][] [] [][][][] [] [][][][][][][][] [] [][][] [] [
][][][][][] [] [][][] [] [][][][][][] [] [][][] [] [][][][] [] [][][][] [] [][]
[][][][][] [] [][][][][] [] [][][][][][] []
 []


Underfull \hbox (badness 10000) in paragraph at lines 22682--22686
[][][][][][][][] [] [][][][][][][][][][][] [] [][][][][][][][] [] [][][][][][][
][][][][] [] [][][][][][][][] [] [][][][][][][][][][][] [] [][][][][][][][] []
 []

No file Statistics_using_technology.bbl.
Package atveryend Info: Empty hook `BeforeClearDocument' on input line 22721.
[331]
Package atveryend Info: Empty hook `AfterLastShipout' on input line 22721.
(./Statistics_using_technology.aux)
Package atveryend Info: Empty hook `AtVeryEndDocument' on input line 22721.
Package atveryend Info: Executing hook `AtEndAfterFileList' on input line 22721
.
Package rerunfilecheck Info: File `Statistics_using_technology.out' has not cha
nged.
(rerunfilecheck)             Checksum: 26F97613A36A4787757D4B233C10E6D9.

LaTeX Warning: There were undefined references.

 ) 
Here is how much of TeX's memory you used:
 24191 strings out of 494894
 468294 string characters out of 6173843
 571395 words of memory out of 5000000
 27824 multiletter control sequences out of 15000+600000
 557149 words of font info for 76 fonts, out of 8000000 for 9000
 14 hyphenation exceptions out of 8191
 46i,7n,68p,824b,499s stack positions out of 5000i,500n,10000p,200000b,80000s

Output written on Statistics_using_technology.pdf (331 pages).
